#
# There is insufficient memory for the Java Runtime Environment to continue.
# Native memory allocation (malloc) failed to allocate 1048576 bytes for AllocateHeap
# Possible reasons:
#   The system is out of physical RAM or swap space
#   In 32 bit mode, the process size limit was hit
# Possible solutions:
#   Reduce memory load on the system
#   Increase physical memory or swap space
#   Check if swap backing store is full
#   Use 64 bit Java on a 64 bit OS
#   Decrease Java heap size (-Xmx/-Xms)
#   Decrease number of Java threads
#   Decrease Java thread stack sizes (-Xss)
#   Set larger code cache with -XX:ReservedCodeCacheSize=
# This output file may be truncated or incomplete.
#
#  Out of Memory Error (memory/allocation.inline.hpp:61), pid=153236, tid=153372
#
# JRE version:  (7.0_80-b15) (build )
# Java VM: Java HotSpot(TM) 64-Bit Server VM (24.80-b11 mixed mode windows-amd64 compressed oops)
# Failed to write core dump. Minidumps are not enabled by default on client versions of Windows
#

---------------  T H R E A D  ---------------

Current thread (0x0000000002800800):  JavaThread "Unknown thread" [_thread_in_vm, id=153372, stack(0x0000000002680000,0x0000000002780000)]

Stack: [0x0000000002680000,0x0000000002780000]
[error occurred during error reporting (printing stack bounds), id 0xc0000005]


---------------  P R O C E S S  ---------------

Java Threads: ( => current thread )

Other Threads:

=>0x0000000002800800 (exited) JavaThread "Unknown thread" [_thread_in_vm, id=153372, stack(0x0000000002680000,0x0000000002780000)]

VM state:not at safepoint (normal execution)

VM Mutex/Monitor currently owned by a thread: None

Heap
 PSYoungGen      total 9728K, used 174K [0x00000000f5c80000, 0x00000000f6700000, 0x0000000100000000)
  eden space 8704K, 2% used [0x00000000f5c80000,0x00000000f5cab8a8,0x00000000f6500000)
  from space 1024K, 0% used [0x00000000f6600000,0x00000000f6600000,0x00000000f6700000)
  to   space 1024K, 0% used [0x00000000f6500000,0x00000000f6500000,0x00000000f6600000)
 ParOldGen       total 20480K, used 0K [0x00000000e1600000, 0x00000000e2a00000, 0x00000000f5c80000)
  object space 20480K, 0% used [0x00000000e1600000,0x00000000e1600000,0x00000000e2a00000)
 PSPermGen       total 21504K, used 706K [0x00000000dc400000, 0x00000000dd900000, 0x00000000e1600000)
  object space 21504K, 3% used [0x00000000dc400000,0x00000000dc4b0938,0x00000000dd900000)

Card table byte_map: [0x00000000059c0000,0x0000000005ae0000] byte_map_base: 0x00000000052de000

Polling page: 0x0000000000ed0000

Code Cache  [0x0000000002900000, 0x0000000002b70000, 0x0000000005900000)
 total_blobs=38 nmethods=0 adapters=20 free_code_cache=48889Kb largest_free_block=50062528

Compilation events (0 events):
No events

GC Heap History (0 events):
No events

Deoptimization events (0 events):
No events

Internal exceptions (0 events):
No events

Events (10 events):
Event: 1.402 loading class 0x00000000028459f0
Event: 1.402 loading class 0x00000000028459f0 done
Event: 1.402 loading class 0x0000000002845a40
Event: 1.402 loading class 0x0000000002845a40 done
Event: 1.402 loading class 0x0000000002845a90
Event: 1.403 loading class 0x0000000002845a90 done
Event: 1.404 loading class 0x0000000002846810
Event: 1.404 loading class 0x0000000002846810 done
Event: 1.404 loading class 0x0000000002846430
Event: 1.405 loading class 0x0000000002846430 done


Dynamic libraries:
0x00007ff6d1360000 - 0x00007ff6d1393000 	D:\jdk1.7.0_80\bin\java.exe
0x00007ff8d46c0000 - 0x00007ff8d4882000 	C:\Windows\SYSTEM32\ntdll.dll
0x00007ff8d3ad0000 - 0x00007ff8d3b7d000 	C:\Windows\system32\KERNEL32.DLL
0x00007ff8d1980000 - 0x00007ff8d1b5d000 	C:\Windows\system32\KERNELBASE.dll
0x00007ff8d3850000 - 0x00007ff8d38f6000 	C:\Windows\system32\ADVAPI32.dll
0x00007ff8d1f70000 - 0x00007ff8d200d000 	C:\Windows\system32\msvcrt.dll
0x00007ff8d3630000 - 0x00007ff8d368b000 	C:\Windows\system32\sechost.dll
0x00007ff8d3720000 - 0x00007ff8d3846000 	C:\Windows\system32\RPCRT4.dll
0x00007ff8d3ce0000 - 0x00007ff8d3e2e000 	C:\Windows\system32\USER32.dll
0x00007ff8d4110000 - 0x00007ff8d4295000 	C:\Windows\system32\GDI32.dll
0x00007ff8cdcb0000 - 0x00007ff8cdf24000 	C:\Windows\WinSxS\amd64_microsoft.windows.common-controls_6595b64144ccf1df_6.0.10240.16384_none_f41f7b285750ef43\COMCTL32.dll
0x00007ff8d1d90000 - 0x00007ff8d1dc6000 	C:\Windows\system32\IMM32.DLL
0x00007ff8d3b80000 - 0x00007ff8d3cdc000 	C:\Windows\system32\MSCTF.dll
0x000000005da20000 - 0x000000005daf2000 	D:\jdk1.7.0_80\jre\bin\msvcr100.dll
0x000000005db00000 - 0x000000005e2d9000 	D:\jdk1.7.0_80\jre\bin\server\jvm.dll
0x00007ff8d1e40000 - 0x00007ff8d1e48000 	C:\Windows\system32\PSAPI.DLL
0x00007ff8bf210000 - 0x00007ff8bf219000 	C:\Windows\SYSTEM32\WSOCK32.dll
0x00007ff8ce020000 - 0x00007ff8ce043000 	C:\Windows\SYSTEM32\WINMM.dll
0x00007ff8d1f00000 - 0x00007ff8d1f69000 	C:\Windows\system32\WS2_32.dll
0x00007ff8d1e30000 - 0x00007ff8d1e38000 	C:\Windows\system32\NSI.dll
0x00007ff8cdf50000 - 0x00007ff8cdf7c000 	C:\Windows\SYSTEM32\WINMMBASE.dll
0x00007ff8d1930000 - 0x00007ff8d1974000 	C:\Windows\system32\cfgmgr32.dll
0x00007ff8cfb40000 - 0x00007ff8cfb67000 	C:\Windows\SYSTEM32\DEVOBJ.dll
0x000000005da10000 - 0x000000005da1f000 	D:\jdk1.7.0_80\jre\bin\verify.dll
0x000000005d9e0000 - 0x000000005da08000 	D:\jdk1.7.0_80\jre\bin\java.dll
0x000000005d640000 - 0x000000005d675000 	D:\jdk1.7.0_80\jre\bin\jdwp.dll
0x000000005d630000 - 0x000000005d638000 	D:\jdk1.7.0_80\jre\bin\npt.dll
0x000000005d9c0000 - 0x000000005d9d6000 	D:\jdk1.7.0_80\jre\bin\zip.dll

VM Arguments:
jvm_args: -Xdebug -Xrunjdwp:transport=dt_shmem,address=javadebug8724 -Dfile.encoding=UTF-8 
java_command: lisnaprojectpbo.LISNAPROJECTPBO
Launcher Type: SUN_STANDARD

Environment Variables:
PATH=C:\Program Files (x86)\Common Files\Intel\Shared Files\cpp\bin\Intel64;C:\Windows\system32;C:\Windows;C:\Windows\System32\Wbem;C:\Windows\System32\WindowsPowerShell\v1.0\;D:\jdk1.7.0_80\bin;C:\BC5\BIN;
USERNAME=User
OS=Windows_NT
PROCESSOR_IDENTIFIER=Intel64 Family 6 Model 69 Stepping 1, GenuineIntel



---------------  S Y S T E M  ---------------

OS: Windows 8.1 , 64 bit Build 9600 

CPU:total 4 (2 cores per cpu, 2 threads per core) family 6 model 69 stepping 1, cmov, cx8, fxsr, mmx, sse, sse2, sse3, ssse3, sse4.1, sse4.2, popcnt, avx, avx2, aes, erms, ht, tsc, tscinvbit

Memory: 4k page, physical 2000288k(47544k free), swap 8029600k(20k free)

vm_info: Java HotSpot(TM) 64-Bit Server VM (24.80-b11) for windows-amd64 JRE (1.7.0_80-b15), built on Apr 10 2015 11:26:34 by "java_re" with unknown MS VC++:1600

time: Wed Jan 09 14:55:58 2019
elapsed time: 3 seconds

